-------------------------------------------------------------------------------
Test set: com.logigear.training.DemoApplicationTest
-------------------------------------------------------------------------------
Tests run: 1, Failures: 1, Errors: 0, Skipped: 0, Time elapsed: 1.173 s <<< FAILURE! - in com.logigear.training.DemoApplicationTest
testGetAllEmployeesWhenTheEmployeeListIsEmpty  Time elapsed: 0.126 s  <<< FAILURE!
org.opentest4j.AssertionFailedError: expected: <[]> but was: <[{username=admin, password=admin, fullname=Administrator, role=Admin}]>
	at com.logigear.training.DemoApplicationTest.testGetAllEmployeesWhenTheEmployeeListIsEmpty(DemoApplicationTest.java:32)

