<?xml version="1.0" encoding="UTF-8"?>
<testsuite xmlns:xsi="http://www.w3.org/2001/XMLSchema-instance" xsi:noNamespaceSchemaLocation="https://maven.apache.org/surefire/maven-surefire-plugin/xsd/surefire-test-report.xsd" name="com.logigear.training.DemoApplicationTest" time="1.173" tests="1" errors="0" skipped="0" failures="1">
  <properties>
[...]
</properties>
  <testcase name="testGetAllEmployeesWhenTheEmployeeListIsEmpty" classname="com.logigear.training.DemoApplicationTest" time="0.126">
    <failure message="expected: &lt;[]&gt; but was: &lt;[{username=admin, password=admin, fullname=Administrator, role=Admin}]&gt;" type="org.opentest4j.AssertionFailedError"><![CDATA[org.opentest4j.AssertionFailedError: expected: <[]> but was: <[{username=admin, password=admin, fullname=Administrator, role=Admin}]>
	at com.logigear.training.DemoApplicationTest.testGetAllEmployeesWhenTheEmployeeListIsEmpty(DemoApplicationTest.java:32)
]]></failure>
    <system-out><![CDATA[2021-06-01 02:30:07.736  INFO 1376 --- [           main] .b.t.c.SpringBootTestContextBootstrapper : Neither @ContextConfiguration nor @ContextHierarchy found for test class [com.logigear.training.DemoApplicationTest], using SpringBootContextLoader
2021-06-01 02:30:07.737  INFO 1376 --- [           main] o.s.t.c.support.AbstractContextLoader    : Could not detect default resource locations for test class [com.logigear.training.DemoApplicationTest]: no resource found for suffixes {-context.xml, Context.groovy}.
2021-06-01 02:30:07.737  INFO 1376 --- [           main] t.c.s.AnnotationConfigContextLoaderUtils : Could not detect default configuration classes for test class [com.logigear.training.DemoApplicationTest]: DemoApplicationTest does not declare any static, non-private, non-final, nested classes annotated with @Configuration.
2021-06-01 02:30:07.743  INFO 1376 --- [           main] .b.t.c.SpringBootTestContextBootstrapper : Found @SpringBootConfiguration com.logigear.training.DemoApplication for test class com.logigear.training.DemoApplicationTest
2021-06-01 02:30:07.745  INFO 1376 --- [           main] .b.t.c.SpringBootTestContextBootstrapper : Loaded default TestExecutionListener class names from location [META-INF/spring.factories]: [org.springframework.boot.test.mock.mockito.MockitoTestExecutionListener, org.springframework.boot.test.mock.mockito.ResetMocksTestExecutionListener, org.springframework.boot.test.autoconfigure.restdocs.RestDocsTestExecutionListener, org.springframework.boot.test.autoconfigure.web.client.MockRestServiceServerResetTestExecutionListener, org.springframework.boot.test.autoconfigure.web.servlet.MockMvcPrintOnlyOnFailureTestExecutionListener, org.springframework.boot.test.autoconfigure.web.servlet.WebDriverTestExecutionListener, org.springframework.boot.test.autoconfigure.webservices.client.MockWebServiceServerTestExecutionListener, org.springframework.test.context.web.ServletTestExecutionListener, org.springframework.test.context.support.DirtiesContextBeforeModesTestExecutionListener, org.springframework.test.context.event.ApplicationEventsTestExecutionListener, org.springframework.test.context.support.DependencyInjectionTestExecutionListener, org.springframework.test.context.support.DirtiesContextTestExecutionListener, org.springframework.test.context.transaction.TransactionalTestExecutionListener, org.springframework.test.context.jdbc.SqlScriptsTestExecutionListener, org.springframework.test.context.event.EventPublishingTestExecutionListener]
2021-06-01 02:30:07.747  INFO 1376 --- [           main] .b.t.c.SpringBootTestContextBootstrapper : Using TestExecutionListeners: [org.springframework.test.context.web.ServletTestExecutionListener@5cf33d25, org.springframework.test.context.support.DirtiesContextBeforeModesTestExecutionListener@efa04b5, org.springframework.test.context.event.ApplicationEventsTestExecutionListener@a80a896, org.springframework.boot.test.mock.mockito.MockitoTestExecutionListener@13c81bc5, org.springframework.boot.test.autoconfigure.SpringBootDependencyInjectionTestExecutionListener@5617168c, org.springframework.test.context.support.DirtiesContextTestExecutionListener@8167f57, org.springframework.test.context.event.EventPublishingTestExecutionListener@75da2db, org.springframework.boot.test.mock.mockito.ResetMocksTestExecutionListener@541897c6, org.springframework.boot.test.autoconfigure.restdocs.RestDocsTestExecutionListener@3ad558bf, org.springframework.boot.test.autoconfigure.web.client.MockRestServiceServerResetTestExecutionListener@1826475, org.springframework.boot.test.autoconfigure.web.servlet.MockMvcPrintOnlyOnFailureTestExecutionListener@6ba355e4, org.springframework.boot.test.autoconfigure.web.servlet.WebDriverTestExecutionListener@7b1559f1, org.springframework.boot.test.autoconfigure.webservices.client.MockWebServiceServerTestExecutionListener@6b15e68c]

  .   ____          _            __ _ _
 /\\ / ___'_ __ _ _(_)_ __  __ _ \ \ \ \
( ( )\___ | '_ | '_| | '_ \/ _` | \ \ \ \
 \\/  ___)| |_)| | | | | || (_| |  ) ) ) )
  '  |____| .__|_| |_|_| |_\__, | / / / /
 =========|_|==============|___/=/_/_/_/
 :: Spring Boot ::                (v2.4.5)

2021-06-01 02:30:07.780  INFO 1376 --- [           main] c.logigear.training.DemoApplicationTest  : Starting DemoApplicationTest using Java 11.0.2 on phongh with PID 1376 (started by PhongHa in D:\learn\spring\doc\material\demo\Section 2\RESTFul Service with Swagger and Exception)
2021-06-01 02:30:07.781  INFO 1376 --- [           main] c.logigear.training.DemoApplicationTest  : No active profile set, falling back to default profiles: default
2021-06-01 02:30:08.112  INFO 1376 --- [           main] o.s.b.w.embedded.tomcat.TomcatWebServer  : Tomcat initialized with port(s): 0 (http)
2021-06-01 02:30:08.114  INFO 1376 --- [           main] o.apache.catalina.core.StandardService   : Starting service [Tomcat]
2021-06-01 02:30:08.115  INFO 1376 --- [           main] org.apache.catalina.core.StandardEngine  : Starting Servlet engine: [Apache Tomcat/9.0.45]
2021-06-01 02:30:08.143  INFO 1376 --- [           main] o.a.c.c.C.[Tomcat-1].[localhost].[/]     : Initializing Spring embedded WebApplicationContext
2021-06-01 02:30:08.143  INFO 1376 --- [           main] w.s.c.ServletWebServerApplicationContext : Root WebApplicationContext: initialization completed in 359 ms
2021-06-01 02:30:08.625  INFO 1376 --- [           main] o.s.s.concurrent.ThreadPoolTaskExecutor  : Initializing ExecutorService 'applicationTaskExecutor'
2021-06-01 02:30:08.745  INFO 1376 --- [           main] o.s.b.w.embedded.tomcat.TomcatWebServer  : Tomcat started on port(s): 63620 (http) with context path ''
2021-06-01 02:30:08.801  INFO 1376 --- [           main] c.logigear.training.DemoApplicationTest  : Started DemoApplicationTest in 1.049 seconds (JVM running for 6.522)
2021-06-01 02:30:08.884  INFO 1376 --- [o-auto-2-exec-1] o.a.c.c.C.[Tomcat-1].[localhost].[/]     : Initializing Spring DispatcherServlet 'dispatcherServlet'
2021-06-01 02:30:08.884  INFO 1376 --- [o-auto-2-exec-1] o.s.web.servlet.DispatcherServlet        : Initializing Servlet 'dispatcherServlet'
2021-06-01 02:30:08.885  INFO 1376 --- [o-auto-2-exec-1] o.s.web.servlet.DispatcherServlet        : Completed initialization in 0 ms
]]></system-out>
  </testcase>
</testsuite>