<?xml version="1.0" encoding="UTF-8"?>
<testsuite xmlns:xsi="http://www.w3.org/2001/XMLSchema-instance" xsi:noNamespaceSchemaLocation="https://maven.apache.org/surefire/maven-surefire-plugin/xsd/surefire-test-report.xsd" name="com.logigear.training.controllers.EmployeesControllerTest" time="4.67" tests="4" errors="0" skipped="0" failures="0">
  <properties>
[...]
</properties>
  <testcase name="deleteAnExistedEmployee" classname="com.logigear.training.controllers.EmployeesControllerTest" time="0.104"/>
  <testcase name="insertANonExistedEmployeeTest" classname="com.logigear.training.controllers.EmployeesControllerTest" time="0.067"/>
  <testcase name="updateExistedEmployeeAdmin" classname="com.logigear.training.controllers.EmployeesControllerTest" time="0.01"/>
  <testcase name="insertAnExistedEmployeeTest" classname="com.logigear.training.controllers.EmployeesControllerTest" time="0.007"/>
</testsuite>